2023-04-03 16:11:38,277 INFO Executing flow.
2023-04-03 16:11:39,880 INFO click
2023-04-03 16:11:50,036 ERROR Exception when clicking.
2023-04-03 16:11:50,036 INFO --------------------------------
2023-04-03 16:11:50,036 INFO resize
2023-04-03 16:11:50,299 INFO Properly sized window for resize.
2023-04-03 16:11:50,299 INFO --------------------------------
2023-04-03 16:11:50,299 INFO scroll
2023-04-03 16:11:50,339 INFO Executed scroll.
2023-04-03 16:11:50,339 INFO --------------------------------
2023-04-03 16:11:50,339 INFO scroll
2023-04-03 16:11:50,388 INFO Executed scroll.
2023-04-03 16:11:50,425 INFO --------------------------------
2023-04-03 16:11:50,425 INFO scroll
2023-04-03 16:11:50,468 INFO Executed scroll.
2023-04-03 16:11:50,468 INFO --------------------------------
2023-04-03 16:11:50,468 INFO scroll
2023-04-03 16:11:50,504 INFO Executed scroll.
2023-04-03 16:11:50,504 INFO --------------------------------
2023-04-03 16:11:50,504 INFO scroll
2023-04-03 16:11:50,537 INFO Executed scroll.
2023-04-03 16:11:50,537 INFO --------------------------------
2023-04-03 16:11:50,537 INFO scroll
2023-04-03 16:11:50,568 INFO Executed scroll.
2023-04-03 16:11:50,568 INFO --------------------------------
2023-04-03 16:11:50,568 INFO scroll
2023-04-03 16:11:50,586 INFO Executed scroll.
2023-04-03 16:11:50,586 INFO --------------------------------
2023-04-03 16:11:50,586 INFO scroll
2023-04-03 16:11:50,594 INFO Executed scroll.
2023-04-03 16:11:50,594 INFO --------------------------------
2023-04-03 16:11:50,594 INFO scroll
2023-04-03 16:11:50,602 INFO Executed scroll.
2023-04-03 16:11:50,602 INFO --------------------------------
2023-04-03 16:11:50,602 INFO scroll
2023-04-03 16:11:50,609 INFO Executed scroll.
2023-04-03 16:11:50,609 INFO --------------------------------
2023-04-03 16:11:50,610 INFO scroll
2023-04-03 16:11:50,620 INFO Executed scroll.
2023-04-03 16:11:50,621 INFO --------------------------------
2023-04-03 16:11:50,621 INFO scroll
2023-04-03 16:11:50,629 INFO Executed scroll.
2023-04-03 16:11:50,629 INFO --------------------------------
2023-04-03 16:11:50,629 INFO scroll
2023-04-03 16:11:50,636 INFO Executed scroll.
2023-04-03 16:11:50,636 INFO --------------------------------
2023-04-03 16:11:50,636 INFO scroll
2023-04-03 16:11:50,645 INFO Executed scroll.
2023-04-03 16:11:50,646 INFO --------------------------------
2023-04-03 16:11:50,646 INFO scroll
2023-04-03 16:11:50,652 INFO Executed scroll.
2023-04-03 16:11:50,652 INFO --------------------------------
2023-04-03 16:11:50,652 INFO scroll
2023-04-03 16:11:50,661 INFO Executed scroll.
2023-04-03 16:11:50,661 INFO --------------------------------
2023-04-03 16:11:50,661 INFO scroll
2023-04-03 16:11:50,669 INFO Executed scroll.
2023-04-03 16:11:50,669 INFO --------------------------------
2023-04-03 16:11:50,669 INFO scroll
2023-04-03 16:11:50,679 INFO Executed scroll.
2023-04-03 16:11:50,679 INFO --------------------------------
2023-04-03 16:11:50,679 INFO scroll
2023-04-03 16:11:50,685 INFO Executed scroll.
2023-04-03 16:11:50,685 INFO --------------------------------
2023-04-03 16:11:50,685 INFO scroll
2023-04-03 16:11:50,692 INFO Executed scroll.
2023-04-03 16:11:50,693 INFO --------------------------------
2023-04-03 16:11:50,693 INFO scroll
2023-04-03 16:11:50,702 INFO Executed scroll.
2023-04-03 16:11:50,702 INFO --------------------------------
2023-04-03 16:11:50,702 INFO scroll
2023-04-03 16:11:50,709 INFO Executed scroll.
2023-04-03 16:11:50,709 INFO --------------------------------
2023-04-03 16:11:50,709 INFO scroll
2023-04-03 16:11:50,718 INFO Executed scroll.
2023-04-03 16:11:50,718 INFO --------------------------------
2023-04-03 16:11:50,719 INFO scroll
2023-04-03 16:11:50,726 INFO Executed scroll.
2023-04-03 16:11:50,727 INFO --------------------------------
2023-04-03 16:11:50,727 INFO scroll
2023-04-03 16:11:50,737 INFO Executed scroll.
2023-04-03 16:11:50,737 INFO --------------------------------
2023-04-03 16:11:50,737 INFO scroll
2023-04-03 16:11:50,750 INFO Executed scroll.
2023-04-03 16:11:50,750 INFO --------------------------------
2023-04-03 16:11:50,750 INFO scroll
2023-04-03 16:11:50,758 INFO Executed scroll.
2023-04-03 16:11:50,758 INFO --------------------------------
2023-04-03 16:11:50,758 INFO scroll
2023-04-03 16:11:50,762 INFO Executed scroll.
2023-04-03 16:11:50,762 INFO --------------------------------
2023-04-03 16:11:50,762 INFO scroll
2023-04-03 16:11:50,770 INFO Executed scroll.
2023-04-03 16:11:50,770 INFO --------------------------------
2023-04-03 16:11:50,770 INFO scroll
2023-04-03 16:11:50,778 INFO Executed scroll.
2023-04-03 16:11:50,779 INFO --------------------------------
2023-04-03 16:11:50,779 INFO scroll
2023-04-03 16:11:50,785 INFO Executed scroll.
2023-04-03 16:11:50,785 INFO --------------------------------
2023-04-03 16:11:50,785 INFO scroll
2023-04-03 16:11:50,794 INFO Executed scroll.
2023-04-03 16:11:50,795 INFO --------------------------------
2023-04-03 16:11:50,795 INFO scroll
2023-04-03 16:11:50,802 INFO Executed scroll.
2023-04-03 16:11:50,802 INFO --------------------------------
2023-04-03 16:11:50,802 INFO scroll
2023-04-03 16:11:50,816 INFO Executed scroll.
2023-04-03 16:11:50,816 INFO --------------------------------
2023-04-03 16:11:50,816 INFO scroll
2023-04-03 16:11:50,820 INFO Executed scroll.
2023-04-03 16:11:50,820 INFO --------------------------------
2023-04-03 16:11:50,820 INFO scroll
2023-04-03 16:11:50,834 INFO Executed scroll.
2023-04-03 16:11:50,834 INFO --------------------------------
2023-04-03 16:11:50,834 INFO scroll
2023-04-03 16:11:50,842 INFO Executed scroll.
2023-04-03 16:11:50,842 INFO --------------------------------
2023-04-03 16:11:50,842 INFO scroll
2023-04-03 16:11:50,850 INFO Executed scroll.
2023-04-03 16:11:50,850 INFO --------------------------------
2023-04-03 16:11:50,850 INFO scroll
2023-04-03 16:11:50,858 INFO Executed scroll.
2023-04-03 16:11:50,858 INFO --------------------------------
2023-04-03 16:11:50,858 INFO scroll
2023-04-03 16:11:50,866 INFO Executed scroll.
2023-04-03 16:11:50,866 INFO --------------------------------
2023-04-03 16:11:50,866 INFO scroll
2023-04-03 16:11:50,870 INFO Executed scroll.
2023-04-03 16:11:50,870 INFO --------------------------------
2023-04-03 16:11:50,870 INFO scroll
2023-04-03 16:11:50,877 INFO Executed scroll.
2023-04-03 16:11:50,878 INFO --------------------------------
2023-04-03 16:11:50,878 INFO scroll
2023-04-03 16:11:50,885 INFO Executed scroll.
2023-04-03 16:11:50,885 INFO --------------------------------
2023-04-03 16:11:50,885 INFO scroll
2023-04-03 16:11:50,894 INFO Executed scroll.
2023-04-03 16:11:50,894 INFO --------------------------------
2023-04-03 16:11:50,894 INFO scroll
2023-04-03 16:11:50,900 INFO Executed scroll.
2023-04-03 16:11:50,901 INFO --------------------------------
2023-04-03 16:11:50,901 INFO scroll
2023-04-03 16:11:50,907 INFO Executed scroll.
2023-04-03 16:11:50,908 INFO --------------------------------
2023-04-03 16:11:50,908 INFO scroll
2023-04-03 16:11:50,911 INFO Executed scroll.
2023-04-03 16:11:50,911 INFO --------------------------------
2023-04-03 16:11:50,911 INFO scroll
2023-04-03 16:11:50,917 INFO Executed scroll.
2023-04-03 16:11:50,917 INFO --------------------------------
2023-04-03 16:11:50,917 INFO scroll
2023-04-03 16:11:50,924 INFO Executed scroll.
2023-04-03 16:11:50,924 INFO --------------------------------
2023-04-03 16:11:50,924 INFO scroll
2023-04-03 16:11:50,928 INFO Executed scroll.
2023-04-03 16:11:50,928 INFO --------------------------------
2023-04-03 16:11:50,928 INFO scroll
2023-04-03 16:11:50,934 INFO Executed scroll.
2023-04-03 16:11:50,934 INFO --------------------------------
2023-04-03 16:11:50,934 INFO scroll
2023-04-03 16:11:50,942 INFO Executed scroll.
2023-04-03 16:11:50,942 INFO --------------------------------
2023-04-03 16:11:50,942 INFO scroll
2023-04-03 16:11:50,945 INFO Executed scroll.
2023-04-03 16:11:50,945 INFO --------------------------------
2023-04-03 16:11:50,946 INFO scroll
2023-04-03 16:11:50,952 INFO Executed scroll.
2023-04-03 16:11:50,952 INFO --------------------------------
2023-04-03 16:11:50,952 INFO scroll
2023-04-03 16:11:50,958 INFO Executed scroll.
2023-04-03 16:11:50,958 INFO --------------------------------
2023-04-03 16:11:50,958 INFO scroll
2023-04-03 16:11:50,962 INFO Executed scroll.
2023-04-03 16:11:50,962 INFO --------------------------------
2023-04-03 16:11:50,962 INFO scroll
2023-04-03 16:11:50,968 INFO Executed scroll.
2023-04-03 16:11:50,968 INFO --------------------------------
2023-04-03 16:11:50,968 INFO scroll
2023-04-03 16:11:50,976 INFO Executed scroll.
2023-04-03 16:11:50,976 INFO --------------------------------
2023-04-03 16:11:50,976 INFO scroll
2023-04-03 16:11:50,983 INFO Executed scroll.
2023-04-03 16:11:50,983 INFO --------------------------------
2023-04-03 16:11:50,983 INFO scroll
2023-04-03 16:11:50,987 INFO Executed scroll.
2023-04-03 16:11:50,987 INFO --------------------------------
2023-04-03 16:11:50,987 INFO scroll
2023-04-03 16:11:50,993 INFO Executed scroll.
2023-04-03 16:11:50,993 INFO --------------------------------
2023-04-03 16:11:50,993 INFO scroll
2023-04-03 16:11:51,001 INFO Executed scroll.
2023-04-03 16:11:51,001 INFO --------------------------------
2023-04-03 16:11:51,001 INFO scroll
2023-04-03 16:11:51,009 INFO Executed scroll.
2023-04-03 16:11:51,009 INFO --------------------------------
2023-04-03 16:11:51,009 INFO scroll
2023-04-03 16:11:51,016 INFO Executed scroll.
2023-04-03 16:11:51,017 INFO --------------------------------
2023-04-03 16:11:51,017 INFO scroll
2023-04-03 16:11:51,020 INFO Executed scroll.
2023-04-03 16:11:51,020 INFO --------------------------------
2023-04-03 16:11:51,021 INFO scroll
2023-04-03 16:11:51,026 INFO Executed scroll.
2023-04-03 16:11:51,026 INFO --------------------------------
2023-04-03 16:11:51,026 INFO scroll
2023-04-03 16:11:51,034 INFO Executed scroll.
2023-04-03 16:11:51,034 INFO --------------------------------
2023-04-03 16:11:51,034 INFO scroll
2023-04-03 16:11:51,041 INFO Executed scroll.
2023-04-03 16:11:51,041 INFO --------------------------------
2023-04-03 16:11:51,041 INFO scroll
2023-04-03 16:11:51,045 INFO Executed scroll.
2023-04-03 16:11:51,045 INFO --------------------------------
2023-04-03 16:11:51,045 INFO scroll
2023-04-03 16:11:51,051 INFO Executed scroll.
2023-04-03 16:11:51,051 INFO --------------------------------
2023-04-03 16:11:51,051 INFO scroll
2023-04-03 16:11:51,059 INFO Executed scroll.
2023-04-03 16:11:51,059 INFO --------------------------------
2023-04-03 16:11:51,059 INFO resize
2023-04-03 16:11:51,185 INFO Properly sized window for resize.
2023-04-03 16:11:51,186 INFO --------------------------------
2023-04-03 16:11:57,513 INFO ====================================
